<?xml version="1.0" encoding="UTF-8"?>
<testng-results ignored="0" total="3" passed="2" failed="1" skipped="0">
  <reporter-output>
  </reporter-output>
  <suite started-at="2024-02-07T10:22:06 IST" name="Suite" finished-at="2024-02-07T10:22:19 IST" duration-ms="13357">
    <groups>
    </groups>
    <test started-at="2024-02-07T10:22:06 IST" name="Test" finished-at="2024-02-07T10:22:19 IST" duration-ms="13357">
      <class name="Learnframework.VandanTest">
        <test-method signature="setup()[pri:0, instance:Learnframework.VandanTest@793f29ff]" started-at="2024-02-07T10:22:06 IST" name="setup" finished-at="2024-02-07T10:22:06 IST" duration-ms="10" status="FAIL">
          <exception class="java.lang.Error">
            <message>
              <![CDATA[Unresolved compilation problem: 
The method getTitle() is undefined for the type Driver
]]>
            </message>
            <full-stacktrace>
              <![CDATA[java.lang.Error: Unresolved compilation problem: 
The method getTitle() is undefined for the type Driver

at Learnframework.VandanTest.setup(VandanTest.java:47)
at java.base/jdk.internal.reflect.NativeMethodAccessorImpl.invoke0(Native Method)
at java.base/jdk.internal.reflect.NativeMethodAccessorImpl.invoke(NativeMethodAccessorImpl.java:77)
at java.base/jdk.internal.reflect.DelegatingMethodAccessorImpl.invoke(DelegatingMethodAccessorImpl.java:43)
at java.base/java.lang.reflect.Method.invoke(Method.java:568)
at org.testng.internal.invokers.MethodInvocationHelper.invokeMethod(MethodInvocationHelper.java:139)
at org.testng.internal.invokers.TestInvoker.invokeMethod(TestInvoker.java:677)
at org.testng.internal.invokers.TestInvoker.invokeTestMethod(TestInvoker.java:221)
at org.testng.internal.invokers.MethodRunner.runInSequence(MethodRunner.java:50)
at org.testng.internal.invokers.TestInvoker$MethodInvocationAgent.invoke(TestInvoker.java:962)
at org.testng.internal.invokers.TestInvoker.invokeTestMethods(TestInvoker.java:194)
at org.testng.internal.invokers.TestMethodWorker.invokeTestMethods(TestMethodWorker.java:148)
at org.testng.internal.invokers.TestMethodWorker.run(TestMethodWorker.java:128)
at java.base/java.util.ArrayList.forEach(ArrayList.java:1511)
at org.testng.TestRunner.privateRun(TestRunner.java:806)
at org.testng.TestRunner.run(TestRunner.java:601)
at org.testng.SuiteRunner.runTest(SuiteRunner.java:433)
at org.testng.SuiteRunner$SuiteWorker.run(SuiteRunner.java:471)
at org.testng.internal.thread.ThreadUtil.lambda$execute$0(ThreadUtil.java:58)
at java.base/java.util.concurrent.FutureTask.run(FutureTask.java:264)
at java.base/java.util.concurrent.ThreadPoolExecutor.runWorker(ThreadPoolExecutor.java:1136)
at java.base/java.util.concurrent.ThreadPoolExecutor$Worker.run(ThreadPoolExecutor.java:635)
at java.base/java.lang.Thread.run(Thread.java:833)
]]>
            </full-stacktrace>
          </exception> <!-- java.lang.Error -->
          <reporter-output>
          </reporter-output>
        </test-method> <!-- setup -->
      </class> <!-- Learnframework.VandanTest -->
      <class name="Learnframework.Omslogin">
        <test-method signature="invalidlogin()[pri:0, instance:Learnframework.Omslogin@6bbe85a8]" started-at="2024-02-07T10:22:06 IST" name="invalidlogin" finished-at="2024-02-07T10:22:11 IST" duration-ms="4919" status="PASS">
          <reporter-output>
          </reporter-output>
        </test-method> <!-- invalidlogin -->
        <test-method signature="validlogin()[pri:0, instance:Learnframework.Omslogin@6bbe85a8]" started-at="2024-02-07T10:22:11 IST" name="validlogin" finished-at="2024-02-07T10:22:19 IST" duration-ms="8387" status="PASS">
          <reporter-output>
          </reporter-output>
        </test-method> <!-- validlogin -->
      </class> <!-- Learnframework.Omslogin -->
    </test> <!-- Test -->
  </suite> <!-- Suite -->
</testng-results>
