<?xml version="1.0" encoding="UTF-8"?>
<!-- Generated by org.testng.reporters.JUnitXMLReporter -->
<testsuite ignored="0" hostname="LPBIHSIND0984" failures="1" tests="3" name="Test" time="13.357" errors="0" timestamp="2024-02-07T10:22:19 IST">
  <testcase classname="Learnframework.VandanTest" name="setup" time="0.01">
    <failure type="java.lang.Error" message="Unresolved compilation problem: 
	The method getTitle() is undefined for the type Driver
">
      <![CDATA[java.lang.Error: Unresolved compilation problem: 
The method getTitle() is undefined for the type Driver

at Learnframework.VandanTest.setup(VandanTest.java:47)
at java.base/java.util.ArrayList.forEach(ArrayList.java:1511)
at java.base/java.util.concurrent.FutureTask.run(FutureTask.java:264)
at java.base/java.util.concurrent.ThreadPoolExecutor.runWorker(ThreadPoolExecutor.java:1136)
at java.base/java.util.concurrent.ThreadPoolExecutor$Worker.run(ThreadPoolExecutor.java:635)
at java.base/java.lang.Thread.run(Thread.java:833)
... Removed 17 stack frames]]>
    </failure>
  </testcase> <!-- setup -->
  <testcase classname="Learnframework.Omslogin" name="invalidlogin" time="4.919"/>
  <testcase classname="Learnframework.Omslogin" name="validlogin" time="8.387"/>
</testsuite> <!-- Test -->
