<?xml version="1.0" encoding="UTF-8"?>
<testng-results ignored="0" total="1" passed="1" failed="0" skipped="0">
  <reporter-output>
  </reporter-output>
  <suite started-at="2024-09-23T15:30:04 IST" name="Default suite" finished-at="2024-09-23T15:30:04 IST" duration-ms="61">
    <groups>
    </groups>
    <test started-at="2024-09-23T15:30:04 IST" name="Default test" finished-at="2024-09-23T15:30:04 IST" duration-ms="61">
      <class name="Programs.lrntstng">
        <test-method signature="test()[pri:0, instance:Programs.lrntstng@72cc7e6f]" started-at="2024-09-23T15:30:04 IST" name="test" finished-at="2024-09-23T15:30:04 IST" duration-ms="11" status="PASS">
          <reporter-output>
          </reporter-output>
        </test-method> <!-- test -->
      </class> <!-- Programs.lrntstng -->
    </test> <!-- Default test -->
  </suite> <!-- Default suite -->
</testng-results>
