<?xml version="1.0" encoding="UTF-8"?>
<!-- Generated by org.testng.reporters.JUnitXMLReporter -->
<testsuite ignored="0" hostname="LPBIHSIND0984" failures="0" tests="5" name="Test" time="0.063" errors="0" timestamp="2024-01-11T12:14:16 IST">
  <testcase classname="Programs.tstngday3school" name="standard" time="0.006"/>
  <testcase classname="Programs.Tstngday4college" name="branch" time="0.002"/>
  <testcase classname="Programs.Tstngday4college" name="branch" time="0.002"/>
  <testcase classname="Programs.Tstngday4college" name="branch" time="0.0"/>
  <testcase classname="Programs.Tstngday4college" name="lab" time="0.0"/>
</testsuite> <!-- Test -->
